<?xml version="1.0" encoding="UTF-8"?>
<testng-results skipped="0" failed="0" ignored="0" total="2" passed="2">
  <reporter-output>
  </reporter-output>
  <suite name="Surefire suite" duration-ms="49" started-at="2020-06-27T12:05:45Z" finished-at="2020-06-27T12:05:45Z">
    <groups>
    </groups>
    <test name="Surefire test" duration-ms="49" started-at="2020-06-27T12:05:45Z" finished-at="2020-06-27T12:05:45Z">
      <class name="MVNDemo.AbcTest">
        <test-method status="PASS" signature="m2()[pri:0, instance:MVNDemo.AbcTest@2f7a2457]" name="m2" duration-ms="10" started-at="2020-06-27T12:05:45Z" finished-at="2020-06-27T12:05:45Z">
          <reporter-output>
          </reporter-output>
        </test-method> <!-- m2 -->
        <test-method status="PASS" signature="mvnAbc()[pri:0, instance:MVNDemo.AbcTest@2f7a2457]" name="mvnAbc" duration-ms="0" started-at="2020-06-27T12:05:45Z" finished-at="2020-06-27T12:05:45Z">
          <reporter-output>
          </reporter-output>
        </test-method> <!-- mvnAbc -->
      </class> <!-- MVNDemo.AbcTest -->
    </test> <!-- Surefire test -->
  </suite> <!-- Surefire suite -->
</testng-results>
