<?xml version="1.0" encoding="UTF-8"?>
<testng-results skipped="0" failed="0" ignored="0" total="1" passed="1">
  <reporter-output>
  </reporter-output>
  <suite name="Default suite" duration-ms="61" started-at="2020-06-24T14:13:16 IST" finished-at="2020-06-24T14:13:16 IST">
    <groups>
    </groups>
    <test name="Default test" duration-ms="61" started-at="2020-06-24T14:13:16 IST" finished-at="2020-06-24T14:13:16 IST">
      <class name="MVNDemo.AbcTest">
        <test-method status="PASS" signature="mvnAbc()[pri:0, instance:MVNDemo.AbcTest@3b0143d3]" name="mvnAbc" duration-ms="13" started-at="2020-06-24T14:13:16 IST" finished-at="2020-06-24T14:13:16 IST">
          <reporter-output>
          </reporter-output>
        </test-method> <!-- mvnAbc -->
      </class> <!-- MVNDemo.AbcTest -->
    </test> <!-- Default test -->
  </suite> <!-- Default suite -->
</testng-results>
